<?xml version="1.0" encoding="UTF-8"?>
<!-- Generated by org.testng.reporters.JUnitReportReporter -->
<testsuite hostname="hdc4-l-f538tpg" failures="0" tests="1" name="Demo_03.SportsTermandStrategy" time="2.529" errors="0" timestamp="2025-03-16T18:49:43 IST" skipped="0">
  <testcase classname="Demo_03.SportsTermandStrategy" name="PlayerTeam" time="2.529"/>
</testsuite> <!-- Demo_03.SportsTermandStrategy -->
