<?xml version="1.0" encoding="UTF-8"?>
<!-- Generated by org.testng.reporters.JUnitReportReporter -->
<testsuite hostname="hdc4-l-f538tpg" failures="0" tests="1" name="Demo_03.NewTest" time="47.644" errors="0" timestamp="2025-03-19T19:09:33 IST" skipped="0">
  <testcase classname="Demo_03.NewTest" name="SportsMerchandise" time="47.644"/>
</testsuite> <!-- Demo_03.NewTest -->
