<?xml version="1.0" encoding="UTF-8"?>
<!-- Generated by org.testng.reporters.JUnitReportReporter -->
<testsuite hostname="hdc4-l-f538tpg" failures="0" tests="5" name="Demo_02.ExetendReport_01" time="0.927" errors="0" timestamp="2025-03-19T11:36:31 IST" skipped="0">
  <testcase classname="Demo_02.ExetendReport_01" name="testPredictionTime" time="0.002"/>
  <system-out/>
  <testcase classname="Demo_02.ExetendReport_01" name="extentrep" time="0.919"/>
  <system-out/>
  <testcase classname="Demo_02.ExetendReport_01" name="testPlayerSelection" time="0.004"/>
  <system-out/>
  <testcase classname="Demo_02.ExetendReport_01" name="testSportsMerchandise" time="0.001"/>
  <system-out/>
  <testcase classname="Demo_02.ExetendReport_01" name="testFantasySports" time="0.001"/>
  <system-out/>
</testsuite> <!-- Demo_02.ExetendReport_01 -->
