<?xml version="1.0" encoding="UTF-8"?>
<!-- Generated by org.testng.reporters.JUnitReportReporter -->
<testsuite hostname="hdc4-l-f538tpg" failures="0" tests="1" name="Demo_02.NewTest" time="10.741" errors="0" timestamp="2025-03-14T08:23:13 IST" skipped="0">
  <testcase classname="Demo_02.NewTest" name="f" time="10.741"/>
  <system-out/>
</testsuite> <!-- Demo_02.NewTest -->
