<?xml version="1.0" encoding="UTF-8"?>
<!-- Generated by org.testng.reporters.JUnitReportReporter -->
<testsuite hostname="hdc4-l-f538tpg" failures="0" tests="1" name="NewTest_09" time="4.855" errors="0" timestamp="2025-03-19T17:59:18 IST" skipped="0">
  <testcase classname="NewTest_09" name="playerandteamstrategy" time="4.855"/>
  <system-out/>
</testsuite> <!-- NewTest_09 -->
