<?xml version="1.0" encoding="UTF-8"?>
<!-- Generated by org.testng.reporters.JUnitReportReporter -->
<testsuite hostname="hdc4-l-f538tpg" failures="0" tests="1" name="NewTest" time="29.717" errors="0" timestamp="2025-03-19T11:44:42 IST" skipped="0">
  <testcase classname="NewTest" name="playerRegistration" time="29.717"/>
  <system-out/>
</testsuite> <!-- NewTest -->
