<?xml version="1.0" encoding="UTF-8"?>
<!-- Generated by org.testng.reporters.JUnitReportReporter -->
<testsuite hostname="hdc4-l-f538tpg" failures="0" tests="1" name="NewTest_04" time="17.249" errors="0" timestamp="2025-03-18T16:23:54 IST" skipped="0">
  <testcase classname="NewTest_04" name="f" time="17.249"/>
  <system-out/>
</testsuite> <!-- NewTest_04 -->
