<?xml version="1.0" encoding="UTF-8"?>
<!-- Generated by org.testng.reporters.JUnitReportReporter -->
<testsuite hostname="hdc4-l-f538tpg" failures="0" tests="5" name="ExetendReport_01" time="1.070" errors="0" timestamp="2025-03-19T11:37:37 IST" skipped="0">
  <testcase classname="ExetendReport_01" name="testPredictionTime" time="0.002"/>
  <system-out/>
  <testcase classname="ExetendReport_01" name="extentrep" time="1.062"/>
  <system-out/>
  <testcase classname="ExetendReport_01" name="testPlayerSelection" time="0.002"/>
  <system-out/>
  <testcase classname="ExetendReport_01" name="testSportsMerchandise" time="0.002"/>
  <system-out/>
  <testcase classname="ExetendReport_01" name="testFantasySports" time="0.002"/>
  <system-out/>
</testsuite> <!-- ExetendReport_01 -->
